The system is: Linux - 5.15.0-52-generic - x86_64
Compiling the C compiler identification source file "CMakeCCompilerId.c" succeeded.
Compiler: /home/twinturbo/Desktop/CheckCBox_Compiler/llvm/cmake-build-debug/bin/clang 
Build flags: 
Id flags:  

The output was:
0


Compilation of the C compiler identification source "CMakeCCompilerId.c" produced "a.out"

The C compiler identification is Clang, found in "/home/twinturbo/Desktop/checkcbox-libpng/cmake-build-debug/CMakeFiles/3.23.2/CompilerIdC/a.out"

Checking whether the ASM compiler is Clang using "--version" matched "(clang version)":
clang version 12.0.0 (https://github.com/arunkumarbhattar/CheckCBox_Compiler.git 766dbbe488d34cf568ca534cdc1a6a67ea970bef)
Target: x86_64-unknown-linux-gnu
Thread model: posix
InstalledDir: /home/twinturbo/Desktop/CheckCBox_Compiler/llvm/cmake-build-debug/bin
Detecting C compiler ABI info compiled with the following output:
Change Dir: /home/twinturbo/Desktop/checkcbox-libpng/cmake-build-debug/CMakeFiles/CMakeTmp

Run Build Command(s):/usr/bin/make -f Makefile cmTC_3865f/fast && /usr/bin/make  -f CMakeFiles/cmTC_3865f.dir/build.make CMakeFiles/cmTC_3865f.dir/build
make[1]: Entering directory '/home/twinturbo/Desktop/checkcbox-libpng/cmake-build-debug/CMakeFiles/CMakeTmp'
Building C object CMakeFiles/cmTC_3865f.dir/CMakeCCompilerABI.c.o
/home/twinturbo/Desktop/CheckCBox_Compiler/llvm/cmake-build-debug/bin/clang   -v -MD -MT CMakeFiles/cmTC_3865f.dir/CMakeCCompilerABI.c.o -MF CMakeFiles/cmTC_3865f.dir/CMakeCCompilerABI.c.o.d -o CMakeFiles/cmTC_3865f.dir/CMakeCCompilerABI.c.o -c /snap/clion/209/bin/cmake/linux/share/cmake-3.23/Modules/CMakeCCompilerABI.c
clang version 12.0.0 (https://github.com/arunkumarbhattar/CheckCBox_Compiler.git 766dbbe488d34cf568ca534cdc1a6a67ea970bef)
Target: x86_64-unknown-linux-gnu
Thread model: posix
InstalledDir: /home/twinturbo/Desktop/CheckCBox_Compiler/llvm/cmake-build-debug/bin
Found candidate GCC installation: /usr/lib/gcc/x86_64-linux-gnu/9
Selected GCC installation: /usr/lib/gcc/x86_64-linux-gnu/9
Candidate multilib: .;@m64
Candidate multilib: 32;@m32
Candidate multilib: x32;@mx32
Selected multilib: .;@m64
 (in-process)
 "/home/twinturbo/Desktop/CheckCBox_Compiler/llvm/cmake-build-debug/bin/clang-12" -cc1 -triple x86_64-unknown-linux-gnu -emit-obj -mrelax-all --mrelax-relocations -disable-free -main-file-name CMakeCCompilerABI.c -mrelocation-model static -mframe-pointer=all -fmath-errno -fno-rounding-math -mconstructor-aliases -munwind-tables -target-cpu x86-64 -tune-cpu generic -fno-split-dwarf-inlining -debugger-tuning=gdb -v -resource-dir /home/twinturbo/Desktop/CheckCBox_Compiler/llvm/cmake-build-debug/lib/clang/12.0.0 -dependency-file CMakeFiles/cmTC_3865f.dir/CMakeCCompilerABI.c.o.d -MT CMakeFiles/cmTC_3865f.dir/CMakeCCompilerABI.c.o -sys-header-deps -internal-isystem /usr/local/include -internal-isystem /home/twinturbo/Desktop/CheckCBox_Compiler/llvm/cmake-build-debug/lib/clang/12.0.0/include -internal-externc-isystem /usr/include/x86_64-linux-gnu -internal-externc-isystem /include -internal-externc-isystem /usr/include -fdebug-compilation-dir /home/twinturbo/Desktop/checkcbox-libpng/cmake-build-debug/CMakeFiles/CMakeTmp -ferror-limit 19 -fgnuc-version=4.2.1 -faddrsig -o CMakeFiles/cmTC_3865f.dir/CMakeCCompilerABI.c.o -x c /snap/clion/209/bin/cmake/linux/share/cmake-3.23/Modules/CMakeCCompilerABI.c
clang -cc1 version 12.0.0 based upon CheckedC-Clang 12.0.0git default target x86_64-unknown-linux-gnu
ignoring nonexistent directory "/include"
#include "..." search starts here:
#include <...> search starts here:
 /usr/local/include
 /home/twinturbo/Desktop/CheckCBox_Compiler/llvm/cmake-build-debug/lib/clang/12.0.0/include
 /usr/include/x86_64-linux-gnu
 /usr/include
End of search list.
Linking C executable cmTC_3865f
/snap/clion/209/bin/cmake/linux/bin/cmake -E cmake_link_script CMakeFiles/cmTC_3865f.dir/link.txt --verbose=1
/home/twinturbo/Desktop/CheckCBox_Compiler/llvm/cmake-build-debug/bin/clang  -v -rdynamic CMakeFiles/cmTC_3865f.dir/CMakeCCompilerABI.c.o -o cmTC_3865f 
clang version 12.0.0 (https://github.com/arunkumarbhattar/CheckCBox_Compiler.git 766dbbe488d34cf568ca534cdc1a6a67ea970bef)
Target: x86_64-unknown-linux-gnu
Thread model: posix
InstalledDir: /home/twinturbo/Desktop/CheckCBox_Compiler/llvm/cmake-build-debug/bin
Found candidate GCC installation: /usr/lib/gcc/x86_64-linux-gnu/9
Selected GCC installation: /usr/lib/gcc/x86_64-linux-gnu/9
Candidate multilib: .;@m64
Candidate multilib: 32;@m32
Candidate multilib: x32;@mx32
Selected multilib: .;@m64
 "/usr/bin/ld" -export-dynamic -z relro --hash-style=gnu --eh-frame-hdr -m elf_x86_64 -export-dynamic -dynamic-linker /lib64/ld-linux-x86-64.so.2 -o cmTC_3865f /usr/lib/gcc/x86_64-linux-gnu/9/../../../x86_64-linux-gnu/crt1.o /usr/lib/gcc/x86_64-linux-gnu/9/../../../x86_64-linux-gnu/crti.o /usr/lib/gcc/x86_64-linux-gnu/9/crtbegin.o -L/usr/lib/gcc/x86_64-linux-gnu/9 -L/usr/lib/gcc/x86_64-linux-gnu/9/../../../x86_64-linux-gnu -L/usr/lib/gcc/x86_64-linux-gnu/9/../../../../lib64 -L/lib/x86_64-linux-gnu -L/lib/../lib64 -L/usr/lib/x86_64-linux-gnu -L/usr/lib/../lib64 -L/usr/lib/x86_64-linux-gnu/../../lib64 -L/usr/lib/gcc/x86_64-linux-gnu/9/../../.. -L/home/twinturbo/Desktop/CheckCBox_Compiler/llvm/cmake-build-debug/bin/../lib -L/lib -L/usr/lib CMakeFiles/cmTC_3865f.dir/CMakeCCompilerABI.c.o -lgcc --as-needed -lgcc_s --no-as-needed -lc -lgcc --as-needed -lgcc_s --no-as-needed /usr/lib/gcc/x86_64-linux-gnu/9/crtend.o /usr/lib/gcc/x86_64-linux-gnu/9/../../../x86_64-linux-gnu/crtn.o
make[1]: Leaving directory '/home/twinturbo/Desktop/checkcbox-libpng/cmake-build-debug/CMakeFiles/CMakeTmp'



Parsed C implicit include dir info from above output: rv=done
  found start of include info
  found start of implicit include info
    add: [/usr/local/include]
    add: [/home/twinturbo/Desktop/CheckCBox_Compiler/llvm/cmake-build-debug/lib/clang/12.0.0/include]
    add: [/usr/include/x86_64-linux-gnu]
    add: [/usr/include]
  end of search list found
  collapse include dir [/usr/local/include] ==> [/usr/local/include]
  collapse include dir [/home/twinturbo/Desktop/CheckCBox_Compiler/llvm/cmake-build-debug/lib/clang/12.0.0/include] ==> [/home/twinturbo/Desktop/CheckCBox_Compiler/llvm/cmake-build-debug/lib/clang/12.0.0/include]
  collapse include dir [/usr/include/x86_64-linux-gnu] ==> [/usr/include/x86_64-linux-gnu]
  collapse include dir [/usr/include] ==> [/usr/include]
  implicit include dirs: [/usr/local/include;/home/twinturbo/Desktop/CheckCBox_Compiler/llvm/cmake-build-debug/lib/clang/12.0.0/include;/usr/include/x86_64-linux-gnu;/usr/include]


Parsed C implicit link information from above output:
  link line regex: [^( *|.*[/\])(ld|CMAKE_LINK_STARTFILE-NOTFOUND|([^/\]+-)?ld|collect2)[^/\]*( |$)]
  ignore line: [Change Dir: /home/twinturbo/Desktop/checkcbox-libpng/cmake-build-debug/CMakeFiles/CMakeTmp]
  ignore line: []
  ignore line: [Run Build Command(s):/usr/bin/make -f Makefile cmTC_3865f/fast && /usr/bin/make  -f CMakeFiles/cmTC_3865f.dir/build.make CMakeFiles/cmTC_3865f.dir/build]
  ignore line: [make[1]: Entering directory '/home/twinturbo/Desktop/checkcbox-libpng/cmake-build-debug/CMakeFiles/CMakeTmp']
  ignore line: [Building C object CMakeFiles/cmTC_3865f.dir/CMakeCCompilerABI.c.o]
  ignore line: [/home/twinturbo/Desktop/CheckCBox_Compiler/llvm/cmake-build-debug/bin/clang   -v -MD -MT CMakeFiles/cmTC_3865f.dir/CMakeCCompilerABI.c.o -MF CMakeFiles/cmTC_3865f.dir/CMakeCCompilerABI.c.o.d -o CMakeFiles/cmTC_3865f.dir/CMakeCCompilerABI.c.o -c /snap/clion/209/bin/cmake/linux/share/cmake-3.23/Modules/CMakeCCompilerABI.c]
  ignore line: [clang version 12.0.0 (https://github.com/arunkumarbhattar/CheckCBox_Compiler.git 766dbbe488d34cf568ca534cdc1a6a67ea970bef)]
  ignore line: [Target: x86_64-unknown-linux-gnu]
  ignore line: [Thread model: posix]
  ignore line: [InstalledDir: /home/twinturbo/Desktop/CheckCBox_Compiler/llvm/cmake-build-debug/bin]
  ignore line: [Found candidate GCC installation: /usr/lib/gcc/x86_64-linux-gnu/9]
  ignore line: [Selected GCC installation: /usr/lib/gcc/x86_64-linux-gnu/9]
  ignore line: [Candidate multilib: .]
  ignore line: [@m64]
  ignore line: [Candidate multilib: 32]
  ignore line: [@m32]
  ignore line: [Candidate multilib: x32]
  ignore line: [@mx32]
  ignore line: [Selected multilib: .]
  ignore line: [@m64]
  ignore line: [ (in-process)]
  ignore line: [ "/home/twinturbo/Desktop/CheckCBox_Compiler/llvm/cmake-build-debug/bin/clang-12" -cc1 -triple x86_64-unknown-linux-gnu -emit-obj -mrelax-all --mrelax-relocations -disable-free -main-file-name CMakeCCompilerABI.c -mrelocation-model static -mframe-pointer=all -fmath-errno -fno-rounding-math -mconstructor-aliases -munwind-tables -target-cpu x86-64 -tune-cpu generic -fno-split-dwarf-inlining -debugger-tuning=gdb -v -resource-dir /home/twinturbo/Desktop/CheckCBox_Compiler/llvm/cmake-build-debug/lib/clang/12.0.0 -dependency-file CMakeFiles/cmTC_3865f.dir/CMakeCCompilerABI.c.o.d -MT CMakeFiles/cmTC_3865f.dir/CMakeCCompilerABI.c.o -sys-header-deps -internal-isystem /usr/local/include -internal-isystem /home/twinturbo/Desktop/CheckCBox_Compiler/llvm/cmake-build-debug/lib/clang/12.0.0/include -internal-externc-isystem /usr/include/x86_64-linux-gnu -internal-externc-isystem /include -internal-externc-isystem /usr/include -fdebug-compilation-dir /home/twinturbo/Desktop/checkcbox-libpng/cmake-build-debug/CMakeFiles/CMakeTmp -ferror-limit 19 -fgnuc-version=4.2.1 -faddrsig -o CMakeFiles/cmTC_3865f.dir/CMakeCCompilerABI.c.o -x c /snap/clion/209/bin/cmake/linux/share/cmake-3.23/Modules/CMakeCCompilerABI.c]
  ignore line: [clang -cc1 version 12.0.0 based upon CheckedC-Clang 12.0.0git default target x86_64-unknown-linux-gnu]
  ignore line: [ignoring nonexistent directory "/include"]
  ignore line: [#include "..." search starts here:]
  ignore line: [#include <...> search starts here:]
  ignore line: [ /usr/local/include]
  ignore line: [ /home/twinturbo/Desktop/CheckCBox_Compiler/llvm/cmake-build-debug/lib/clang/12.0.0/include]
  ignore line: [ /usr/include/x86_64-linux-gnu]
  ignore line: [ /usr/include]
  ignore line: [End of search list.]
  ignore line: [Linking C executable cmTC_3865f]
  ignore line: [/snap/clion/209/bin/cmake/linux/bin/cmake -E cmake_link_script CMakeFiles/cmTC_3865f.dir/link.txt --verbose=1]
  ignore line: [/home/twinturbo/Desktop/CheckCBox_Compiler/llvm/cmake-build-debug/bin/clang  -v -rdynamic CMakeFiles/cmTC_3865f.dir/CMakeCCompilerABI.c.o -o cmTC_3865f ]
  ignore line: [clang version 12.0.0 (https://github.com/arunkumarbhattar/CheckCBox_Compiler.git 766dbbe488d34cf568ca534cdc1a6a67ea970bef)]
  ignore line: [Target: x86_64-unknown-linux-gnu]
  ignore line: [Thread model: posix]
  ignore line: [InstalledDir: /home/twinturbo/Desktop/CheckCBox_Compiler/llvm/cmake-build-debug/bin]
  ignore line: [Found candidate GCC installation: /usr/lib/gcc/x86_64-linux-gnu/9]
  ignore line: [Selected GCC installation: /usr/lib/gcc/x86_64-linux-gnu/9]
  ignore line: [Candidate multilib: .]
  ignore line: [@m64]
  ignore line: [Candidate multilib: 32]
  ignore line: [@m32]
  ignore line: [Candidate multilib: x32]
  ignore line: [@mx32]
  ignore line: [Selected multilib: .]
  ignore line: [@m64]
  link line: [ "/usr/bin/ld" -export-dynamic -z relro --hash-style=gnu --eh-frame-hdr -m elf_x86_64 -export-dynamic -dynamic-linker /lib64/ld-linux-x86-64.so.2 -o cmTC_3865f /usr/lib/gcc/x86_64-linux-gnu/9/../../../x86_64-linux-gnu/crt1.o /usr/lib/gcc/x86_64-linux-gnu/9/../../../x86_64-linux-gnu/crti.o /usr/lib/gcc/x86_64-linux-gnu/9/crtbegin.o -L/usr/lib/gcc/x86_64-linux-gnu/9 -L/usr/lib/gcc/x86_64-linux-gnu/9/../../../x86_64-linux-gnu -L/usr/lib/gcc/x86_64-linux-gnu/9/../../../../lib64 -L/lib/x86_64-linux-gnu -L/lib/../lib64 -L/usr/lib/x86_64-linux-gnu -L/usr/lib/../lib64 -L/usr/lib/x86_64-linux-gnu/../../lib64 -L/usr/lib/gcc/x86_64-linux-gnu/9/../../.. -L/home/twinturbo/Desktop/CheckCBox_Compiler/llvm/cmake-build-debug/bin/../lib -L/lib -L/usr/lib CMakeFiles/cmTC_3865f.dir/CMakeCCompilerABI.c.o -lgcc --as-needed -lgcc_s --no-as-needed -lc -lgcc --as-needed -lgcc_s --no-as-needed /usr/lib/gcc/x86_64-linux-gnu/9/crtend.o /usr/lib/gcc/x86_64-linux-gnu/9/../../../x86_64-linux-gnu/crtn.o]
    arg [/usr/bin/ld] ==> ignore
    arg [-export-dynamic] ==> ignore
    arg [-zrelro] ==> ignore
    arg [--hash-style=gnu] ==> ignore
    arg [--eh-frame-hdr] ==> ignore
    arg [-m] ==> ignore
    arg [elf_x86_64] ==> ignore
    arg [-export-dynamic] ==> ignore
    arg [-dynamic-linker] ==> ignore
    arg [/lib64/ld-linux-x86-64.so.2] ==> ignore
    arg [-o] ==> ignore
    arg [cmTC_3865f] ==> ignore
    arg [/usr/lib/gcc/x86_64-linux-gnu/9/../../../x86_64-linux-gnu/crt1.o] ==> obj [/usr/lib/gcc/x86_64-linux-gnu/9/../../../x86_64-linux-gnu/crt1.o]
    arg [/usr/lib/gcc/x86_64-linux-gnu/9/../../../x86_64-linux-gnu/crti.o] ==> obj [/usr/lib/gcc/x86_64-linux-gnu/9/../../../x86_64-linux-gnu/crti.o]
    arg [/usr/lib/gcc/x86_64-linux-gnu/9/crtbegin.o] ==> obj [/usr/lib/gcc/x86_64-linux-gnu/9/crtbegin.o]
    arg [-L/usr/lib/gcc/x86_64-linux-gnu/9] ==> dir [/usr/lib/gcc/x86_64-linux-gnu/9]
    arg [-L/usr/lib/gcc/x86_64-linux-gnu/9/../../../x86_64-linux-gnu] ==> dir [/usr/lib/gcc/x86_64-linux-gnu/9/../../../x86_64-linux-gnu]
    arg [-L/usr/lib/gcc/x86_64-linux-gnu/9/../../../../lib64] ==> dir [/usr/lib/gcc/x86_64-linux-gnu/9/../../../../lib64]
    arg [-L/lib/x86_64-linux-gnu] ==> dir [/lib/x86_64-linux-gnu]
    arg [-L/lib/../lib64] ==> dir [/lib/../lib64]
    arg [-L/usr/lib/x86_64-linux-gnu] ==> dir [/usr/lib/x86_64-linux-gnu]
    arg [-L/usr/lib/../lib64] ==> dir [/usr/lib/../lib64]
    arg [-L/usr/lib/x86_64-linux-gnu/../../lib64] ==> dir [/usr/lib/x86_64-linux-gnu/../../lib64]
    arg [-L/usr/lib/gcc/x86_64-linux-gnu/9/../../..] ==> dir [/usr/lib/gcc/x86_64-linux-gnu/9/../../..]
    arg [-L/home/twinturbo/Desktop/CheckCBox_Compiler/llvm/cmake-build-debug/bin/../lib] ==> dir [/home/twinturbo/Desktop/CheckCBox_Compiler/llvm/cmake-build-debug/bin/../lib]
    arg [-L/lib] ==> dir [/lib]
    arg [-L/usr/lib] ==> dir [/usr/lib]
    arg [CMakeFiles/cmTC_3865f.dir/CMakeCCompilerABI.c.o] ==> ignore
    arg [-lgcc] ==> lib [gcc]
    arg [--as-needed] ==> ignore
    arg [-lgcc_s] ==> lib [gcc_s]
    arg [--no-as-needed] ==> ignore
    arg [-lc] ==> lib [c]
    arg [-lgcc] ==> lib [gcc]
    arg [--as-needed] ==> ignore
    arg [-lgcc_s] ==> lib [gcc_s]
    arg [--no-as-needed] ==> ignore
    arg [/usr/lib/gcc/x86_64-linux-gnu/9/crtend.o] ==> obj [/usr/lib/gcc/x86_64-linux-gnu/9/crtend.o]
    arg [/usr/lib/gcc/x86_64-linux-gnu/9/../../../x86_64-linux-gnu/crtn.o] ==> obj [/usr/lib/gcc/x86_64-linux-gnu/9/../../../x86_64-linux-gnu/crtn.o]
  collapse obj [/usr/lib/gcc/x86_64-linux-gnu/9/../../../x86_64-linux-gnu/crt1.o] ==> [/usr/lib/x86_64-linux-gnu/crt1.o]
  collapse obj [/usr/lib/gcc/x86_64-linux-gnu/9/../../../x86_64-linux-gnu/crti.o] ==> [/usr/lib/x86_64-linux-gnu/crti.o]
  collapse obj [/usr/lib/gcc/x86_64-linux-gnu/9/../../../x86_64-linux-gnu/crtn.o] ==> [/usr/lib/x86_64-linux-gnu/crtn.o]
  collapse library dir [/usr/lib/gcc/x86_64-linux-gnu/9] ==> [/usr/lib/gcc/x86_64-linux-gnu/9]
  collapse library dir [/usr/lib/gcc/x86_64-linux-gnu/9/../../../x86_64-linux-gnu] ==> [/usr/lib/x86_64-linux-gnu]
  collapse library dir [/usr/lib/gcc/x86_64-linux-gnu/9/../../../../lib64] ==> [/usr/lib64]
  collapse library dir [/lib/x86_64-linux-gnu] ==> [/lib/x86_64-linux-gnu]
  collapse library dir [/lib/../lib64] ==> [/lib64]
  collapse library dir [/usr/lib/x86_64-linux-gnu] ==> [/usr/lib/x86_64-linux-gnu]
  collapse library dir [/usr/lib/../lib64] ==> [/usr/lib64]
  collapse library dir [/usr/lib/x86_64-linux-gnu/../../lib64] ==> [/usr/lib64]
  collapse library dir [/usr/lib/gcc/x86_64-linux-gnu/9/../../..] ==> [/usr/lib]
  collapse library dir [/home/twinturbo/Desktop/CheckCBox_Compiler/llvm/cmake-build-debug/bin/../lib] ==> [/home/twinturbo/Desktop/CheckCBox_Compiler/llvm/cmake-build-debug/lib]
  collapse library dir [/lib] ==> [/lib]
  collapse library dir [/usr/lib] ==> [/usr/lib]
  implicit libs: [gcc;gcc_s;c;gcc;gcc_s]
  implicit objs: [/usr/lib/x86_64-linux-gnu/crt1.o;/usr/lib/x86_64-linux-gnu/crti.o;/usr/lib/gcc/x86_64-linux-gnu/9/crtbegin.o;/usr/lib/gcc/x86_64-linux-gnu/9/crtend.o;/usr/lib/x86_64-linux-gnu/crtn.o]
  implicit dirs: [/usr/lib/gcc/x86_64-linux-gnu/9;/usr/lib/x86_64-linux-gnu;/usr/lib64;/lib/x86_64-linux-gnu;/lib64;/usr/lib;/home/twinturbo/Desktop/CheckCBox_Compiler/llvm/cmake-build-debug/lib;/lib]
  implicit fwks: []


Performing C SOURCE FILE Test HAVE_LD_VERSION_SCRIPT succeeded with the following output:
Change Dir: /home/twinturbo/Desktop/checkcbox-libpng/cmake-build-debug/CMakeFiles/CMakeTmp

Run Build Command(s):/usr/bin/make -f Makefile cmTC_0a478/fast && /usr/bin/make  -f CMakeFiles/cmTC_0a478.dir/build.make CMakeFiles/cmTC_0a478.dir/build
make[1]: Entering directory '/home/twinturbo/Desktop/checkcbox-libpng/cmake-build-debug/CMakeFiles/CMakeTmp'
Building C object CMakeFiles/cmTC_0a478.dir/src.c.o
/home/twinturbo/Desktop/CheckCBox_Compiler/llvm/cmake-build-debug/bin/clang -DHAVE_LD_VERSION_SCRIPT  -Wl,--version-script='/home/twinturbo/Desktop/checkcbox-libpng/cmake-build-debug/conftest.map' -MD -MT CMakeFiles/cmTC_0a478.dir/src.c.o -MF CMakeFiles/cmTC_0a478.dir/src.c.o.d -o CMakeFiles/cmTC_0a478.dir/src.c.o -c /home/twinturbo/Desktop/checkcbox-libpng/cmake-build-debug/CMakeFiles/CMakeTmp/src.c
clang-12: warning: -Wl,--version-script=/home/twinturbo/Desktop/checkcbox-libpng/cmake-build-debug/conftest.map: 'linker' input unused [-Wunused-command-line-argument]
Linking C executable cmTC_0a478
/snap/clion/209/bin/cmake/linux/bin/cmake -E cmake_link_script CMakeFiles/cmTC_0a478.dir/link.txt --verbose=1
/home/twinturbo/Desktop/CheckCBox_Compiler/llvm/cmake-build-debug/bin/clang  -Wl,--version-script='/home/twinturbo/Desktop/checkcbox-libpng/cmake-build-debug/conftest.map' -rdynamic CMakeFiles/cmTC_0a478.dir/src.c.o -o cmTC_0a478 
make[1]: Leaving directory '/home/twinturbo/Desktop/checkcbox-libpng/cmake-build-debug/CMakeFiles/CMakeTmp'


Source file was:
void sym(void) {}
void sym2(void) {}
int main(void) {return 0;}

